<?xml version="1.0" encoding="UTF-8"?>
<!-- Generated by org.testng.reporters.JUnitReportReporter -->
<testsuite hostname="LAPTOP-B0UQO9HM" failures="0" tests="1" name="project.Yahoo_Automation_Project" time="108.126" errors="0" timestamp="2024-06-26T19:21:20 IST" skipped="0">
  <testcase classname="project.Yahoo_Automation_Project" name="testa" time="108.126"/>
</testsuite> <!-- project.Yahoo_Automation_Project -->
